<?xml version="1.0" encoding="utf-8"?><testsuites name="pytest tests"><testsuite name="pytest" errors="0" failures="2" skipped="0" tests="15" time="3.394" timestamp="2026-02-11T08:43:00.719321+00:00" hostname="agent-env-e50734f3-8e60-4195-896e-b69f4ec95e6c"><testcase classname="tests.test_ai_tools_api.TestHealthEndpoint" name="test_root_endpoint" time="0.137" /><testcase classname="tests.test_ai_tools_api.TestToolsEndpoint" name="test_get_all_tools" time="0.127" /><testcase classname="tests.test_ai_tools_api.TestToolsEndpoint" name="test_search_tools_by_name" time="0.178" /><testcase classname="tests.test_ai_tools_api.TestToolsEndpoint" name="test_search_tools_case_insensitive" time="0.313" /><testcase classname="tests.test_ai_tools_api.TestToolsEndpoint" name="test_filter_by_category" time="0.182"><failure message="AssertionError: Should have tools in Design &amp; UI category&#10;assert 0 &gt;= 1&#10; +  where 0 = len([])">tests/test_ai_tools_api.py:91: in test_filter_by_category
    assert len(tools) &gt;= 1, f"Should have tools in {category} category"
E   AssertionError: Should have tools in Design &amp; UI category
E   assert 0 &gt;= 1
E    +  where 0 = len([])</failure></testcase><testcase classname="tests.test_ai_tools_api.TestToolsEndpoint" name="test_filter_by_featured" time="0.173" /><testcase classname="tests.test_ai_tools_api.TestToolsEndpoint" name="test_search_no_results" time="0.103" /><testcase classname="tests.test_ai_tools_api.TestCategoriesEndpoint" name="test_get_categories" time="0.123" /><testcase classname="tests.test_ai_tools_api.TestCategoriesEndpoint" name="test_categories_count_matches_tools" time="0.275"><failure message="AssertionError: Category Assistants &amp; Agents count mismatch: expected 10, got 0 tools&#10;assert 0 == 10&#10; +  where 0 = len([])">tests/test_ai_tools_api.py:162: in test_categories_count_matches_tools
    assert len(tools) == cat['count'], \
E   AssertionError: Category Assistants &amp; Agents count mismatch: expected 10, got 0 tools
E   assert 0 == 10
E    +  where 0 = len([])</failure></testcase><testcase classname="tests.test_ai_tools_api.TestToolDetailEndpoint" name="test_get_tool_by_id" time="0.392" /><testcase classname="tests.test_ai_tools_api.TestToolDetailEndpoint" name="test_get_specific_tools" time="0.298" /><testcase classname="tests.test_ai_tools_api.TestToolDetailEndpoint" name="test_get_nonexistent_tool" time="0.191" /><testcase classname="tests.test_ai_tools_api.TestDataIntegrity" name="test_all_tools_have_valid_categories" time="0.211" /><testcase classname="tests.test_ai_tools_api.TestDataIntegrity" name="test_featured_tools_exist" time="0.110" /><testcase classname="tests.test_ai_tools_api.TestDataIntegrity" name="test_all_tools_have_urls" time="0.197" /></testsuite></testsuites>